<?xml version="1.0" encoding="UTF-8"?>
<!-- Generated by org.testng.reporters.JUnitReportReporter -->
<testsuite hostname="DESKTOP-20HAT1N" failures="0" tests="1" name="com.SwaglabDemo.testcases.TC_001" time="2.923" errors="0" timestamp="10 Jan 2024 15:31:20 GMT" skipped="0">
  <testcase classname="com.SwaglabDemo.testcases.TC_001" name="LoginTest" time="2.923"/>
</testsuite> <!-- com.SwaglabDemo.testcases.TC_001 -->
